2023-09-26 10:37:09,695 file: tool_utils.py func: tool_utils line No: 73 log will be stored in /open_explorer/yolov8_x3/ptq_project/modified_model_output/hb_model_modifier.log
2023-09-26 10:37:09,713 file: hb_model_modifier.py func: hb_model_modifier line No: 390 storing info of model: yolov8s_640x640_nv12.bin
2023-09-26 10:37:09,713 file: hb_model_modifier.py func: hb_model_modifier line No: 393 --------input----------
2023-09-26 10:37:09,713 file: hb_model_modifier.py func: hb_model_modifier line No: 395 name: "images"
type {
  elem_type: INT8
  dim: 1
  dim: 640
  dim: 640
  dim: 3
}

2023-09-26 10:37:09,714 file: hb_model_modifier.py func: hb_model_modifier line No: 396 --------output----------
2023-09-26 10:37:09,714 file: hb_model_modifier.py func: hb_model_modifier line No: 398 name: "output0"
type {
  elem_type: FLOAT
  dim: 1
  dim: 80
  dim: 80
  dim: 80
}

2023-09-26 10:37:09,714 file: hb_model_modifier.py func: hb_model_modifier line No: 398 name: "351"
type {
  elem_type: FLOAT
  dim: 1
  dim: 80
  dim: 80
  dim: 64
}

2023-09-26 10:37:09,714 file: hb_model_modifier.py func: hb_model_modifier line No: 398 name: "369"
type {
  elem_type: FLOAT
  dim: 1
  dim: 40
  dim: 40
  dim: 80
}

2023-09-26 10:37:09,714 file: hb_model_modifier.py func: hb_model_modifier line No: 398 name: "363"
type {
  elem_type: FLOAT
  dim: 1
  dim: 40
  dim: 40
  dim: 64
}

2023-09-26 10:37:09,714 file: hb_model_modifier.py func: hb_model_modifier line No: 398 name: "381"
type {
  elem_type: FLOAT
  dim: 1
  dim: 20
  dim: 20
  dim: 80
}

2023-09-26 10:37:09,714 file: hb_model_modifier.py func: hb_model_modifier line No: 398 name: "375"
type {
  elem_type: FLOAT
  dim: 1
  dim: 20
  dim: 20
  dim: 64
}

2023-09-26 10:37:09,714 file: hb_model_modifier.py func: hb_model_modifier line No: 399 --------value_info----------
2023-09-26 10:37:09,714 file: hb_model_modifier.py func: hb_model_modifier line No: 401 name: "350_quantized"
type {
  elem_type: INT32
  dim: 1
  dim: 80
  dim: 80
  dim: 64
}

2023-09-26 10:37:09,714 file: hb_model_modifier.py func: hb_model_modifier line No: 401 name: "356_quantized"
type {
  elem_type: INT32
  dim: 1
  dim: 80
  dim: 80
  dim: 80
}

2023-09-26 10:37:09,714 file: hb_model_modifier.py func: hb_model_modifier line No: 401 name: "362_quantized"
type {
  elem_type: INT32
  dim: 1
  dim: 40
  dim: 40
  dim: 64
}

2023-09-26 10:37:09,714 file: hb_model_modifier.py func: hb_model_modifier line No: 401 name: "368_quantized"
type {
  elem_type: INT32
  dim: 1
  dim: 40
  dim: 40
  dim: 80
}

2023-09-26 10:37:09,714 file: hb_model_modifier.py func: hb_model_modifier line No: 401 name: "374_quantized"
type {
  elem_type: INT32
  dim: 1
  dim: 20
  dim: 20
  dim: 64
}

2023-09-26 10:37:09,715 file: hb_model_modifier.py func: hb_model_modifier line No: 401 name: "380_quantized"
type {
  elem_type: INT32
  dim: 1
  dim: 20
  dim: 20
  dim: 80
}

2023-09-26 10:37:09,715 file: hb_model_modifier.py func: hb_model_modifier line No: 402 --------node----------
2023-09-26 10:37:09,715 file: hb_model_modifier.py func: hb_model_modifier line No: 404 input: "images"
output: "350_quantized"
output: "356_quantized"
output: "362_quantized"
output: "368_quantized"
output: "374_quantized"
output: "380_quantized"
name: "torch-jit-export_subgraph_0"
op_type: "BPU"

2023-09-26 10:37:09,715 file: hb_model_modifier.py func: hb_model_modifier line No: 404 input: "350_quantized"
input: "Conv_168_x_scale"
output: "351"
name: "350_HzDequantize"
op_type: "Dequantize"
attribute {
  name: "axis"
  type: INT
  i: 3
}
attribute {
  name: "output_data_format"
  type: STRING
  s: "NHWC"
}
attribute {
  name: "num_args"
  type: INT
  i: 2
}

2023-09-26 10:37:09,715 file: hb_model_modifier.py func: hb_model_modifier line No: 404 input: "356_quantized"
input: "Conv_174_x_scale"
output: "output0"
name: "356_HzDequantize"
op_type: "Dequantize"
attribute {
  name: "axis"
  type: INT
  i: 3
}
attribute {
  name: "output_data_format"
  type: STRING
  s: "NHWC"
}
attribute {
  name: "num_args"
  type: INT
  i: 2
}

2023-09-26 10:37:09,715 file: hb_model_modifier.py func: hb_model_modifier line No: 404 input: "362_quantized"
input: "Conv_180_x_scale"
output: "363"
name: "362_HzDequantize"
op_type: "Dequantize"
attribute {
  name: "axis"
  type: INT
  i: 3
}
attribute {
  name: "output_data_format"
  type: STRING
  s: "NHWC"
}
attribute {
  name: "num_args"
  type: INT
  i: 2
}

2023-09-26 10:37:09,715 file: hb_model_modifier.py func: hb_model_modifier line No: 404 input: "368_quantized"
input: "Conv_186_x_scale"
output: "369"
name: "368_HzDequantize"
op_type: "Dequantize"
attribute {
  name: "axis"
  type: INT
  i: 3
}
attribute {
  name: "output_data_format"
  type: STRING
  s: "NHWC"
}
attribute {
  name: "num_args"
  type: INT
  i: 2
}

2023-09-26 10:37:09,715 file: hb_model_modifier.py func: hb_model_modifier line No: 404 input: "374_quantized"
input: "Conv_192_x_scale"
output: "375"
name: "374_HzDequantize"
op_type: "Dequantize"
attribute {
  name: "axis"
  type: INT
  i: 3
}
attribute {
  name: "output_data_format"
  type: STRING
  s: "NHWC"
}
attribute {
  name: "num_args"
  type: INT
  i: 2
}

2023-09-26 10:37:09,715 file: hb_model_modifier.py func: hb_model_modifier line No: 404 input: "380_quantized"
input: "Conv_198_x_scale"
output: "381"
name: "380_HzDequantize"
op_type: "Dequantize"
attribute {
  name: "axis"
  type: INT
  i: 3
}
attribute {
  name: "output_data_format"
  type: STRING
  s: "NHWC"
}
attribute {
  name: "num_args"
  type: INT
  i: 2
}

2023-09-26 10:37:09,715 file: hb_model_modifier.py func: hb_model_modifier line No: 405 --------input_type----------
2023-09-26 10:37:09,715 file: hb_model_modifier.py func: hb_model_modifier line No: 407 7
2023-09-26 10:37:09,715 file: hb_model_modifier.py func: hb_model_modifier line No: 408 --------input_layout----------
2023-09-26 10:37:09,716 file: hb_model_modifier.py func: hb_model_modifier line No: 410 2
2023-09-26 10:37:09,716 file: hb_model_modifier.py func: hb_model_modifier line No: 99 Tool will remove ['Quantize', 'Dequantize'] nodes from this model
2023-09-26 10:37:09,716 file: hb_model_modifier.py func: hb_model_modifier line No: 107 Nodes that will be removed from this model: ['350_HzDequantize', '356_HzDequantize', '362_HzDequantize', '368_HzDequantize', '374_HzDequantize', '380_HzDequantize']
2023-09-26 10:37:09,716 file: hb_model_modifier.py func: hb_model_modifier line No: 185 Node '350_HzDequantize' found, its OP type is 'Dequantize'
2023-09-26 10:37:09,716 file: model_utils.py func: model_utils line No: 175 replace output name 350_quantized with 351
2023-09-26 10:37:09,716 file: model_utils.py func: model_utils line No: 175 replace output name Conv_168_x_scale with 351
2023-09-26 10:37:09,717 file: hb_model_modifier.py func: hb_model_modifier line No: 346 scale: Conv_168_x_scale; zero point: 0. node info details are stored in hb_model_modifier log file
2023-09-26 10:37:09,717 file: hb_model_modifier.py func: hb_model_modifier line No: 383 Node 350_HzDequantize info: '350_HzDequantize: scale: [0.000624937005341053, 0.0005983224255032837, 0.0006117981392890215, 0.0005858573713339865, 0.0005397030035965145, 0.00041370492544956505, 0.00039888161700218916, 0.0003149951808154583, 0.00037967870594002306, 0.0003020247968379408, 0.00023750975378789008, 0.000315500539727509, 0.0003139844920951873, 0.00027338886866346, 0.00023346701345872134, 0.00020836846670135856, 0.0006350437761284411, 0.0005851835594512522, 0.0006377389072440565, 0.000536670966539532, 0.0004743457247968763, 0.00044773114495910704, 0.00038843791116960347, 0.0004585117276292294, 0.00032055392512120306, 0.000399555399781093, 0.0003360510163474828, 0.00022555002942681313, 0.0002627767389640212, 0.00023245633929036558, 0.00019826168136205524, 0.0002063471038127318, 0.0006855778046883643, 0.0007007379317656159, 0.000614830176346004, 0.0006016913685016334, 0.0004639020189642906, 0.0004975913325324655, 0.0004706398758571595, 0.0003803524887189269, 0.00028332724468782544, 0.0003208908310625702, 0.0003001718723680824, 0.0002519961562938988, 0.00020954760839231312, 0.00021325342822819948, 0.00021156895672902465, 0.00024946944904513657, 0.0005905738798901439, 0.0005952903302386403, 0.0005973117076791823, 0.0005946165765635669, 0.0005794563912786543, 0.000618872931227088, 0.0003958495508413762, 0.0004457097966223955, 0.0004989388980902731, 0.0003032039385288954, 0.000308425776893273, 0.000250311684794724, 0.00021443256991915405, 0.00018310148152522743, 0.00017400537035427988, 0.00019253449863754213]; zero point: {zero_point}'
2023-09-26 10:37:09,717 file: hb_model_modifier.py func: hb_model_modifier line No: 386 Node '350_HzDequantize' is removed
2023-09-26 10:37:09,717 file: hb_model_modifier.py func: hb_model_modifier line No: 185 Node '356_HzDequantize' found, its OP type is 'Dequantize'
2023-09-26 10:37:09,717 file: model_utils.py func: model_utils line No: 175 replace output name 356_quantized with output0
2023-09-26 10:37:09,717 file: model_utils.py func: model_utils line No: 175 replace output name Conv_174_x_scale with output0
2023-09-26 10:37:09,718 file: hb_model_modifier.py func: hb_model_modifier line No: 346 scale: Conv_174_x_scale; zero point: 0. node info details are stored in hb_model_modifier log file
2023-09-26 10:37:09,718 file: hb_model_modifier.py func: hb_model_modifier line No: 383 Node 356_HzDequantize info: '356_HzDequantize: scale: [0.0003950111859012395, 0.00022232304036151618, 0.0002992867084685713, 0.00023916346253827214, 0.00020223272440489382, 0.00022690245532430708, 0.00024167474475689232, 0.00021449373161885887, 0.00022970919962972403, 0.00023916346253827214, 0.00036930738133378327, 0.0002580719883553684, 0.00029500274104066193, 0.00020976660016458482, 0.0002434474154142663, 0.00027757143834605813, 0.0003308994055259973, 0.000223947994527407, 0.00022660700778942555, 0.0002159709547413513, 0.00019558517669793218, 0.000216414118767716, 0.00017165407189168036, 0.00022439115855377167, 0.00023473177861887962, 0.00024994724662974477, 0.00020415311155375093, 0.0003066728531848639, 0.00022808423091191798, 0.00028348033083602786, 0.00019233528291806579, 0.00024477692204527557, 0.0002787531993817538, 0.00022970919962972403, 0.00024536781711503863, 0.00025659476523287594, 0.0002512767387088388, 0.00018805133004207164, 0.00022542521764989942, 0.0003137635358143598, 0.00021006204769946635, 0.0002741737989708781, 0.00019913053256459534, 0.0002536402898840606, 0.00026604902814142406, 0.0002822985698003322, 0.00028274173382669687, 0.00022882285702507943, 0.00022970919962972403, 0.0003323766286484897, 0.0002663444902282208, 0.00028554844902828336, 0.0002672308182809502, 0.0002230616519227624, 0.0002102097641909495, 0.00024876545649021864, 0.00028865065542049706, 0.00022069808619562536, 0.0002784577663987875, 0.0002147891791537404, 0.00024492465308867395, 0.00023768622486386448, 0.00029647996416315436, 0.0001969146978808567, 0.0003063774202018976, 0.0004165787249803543, 0.00023000464716460556, 0.00021331194147933275, 0.00023310680990107358, 0.0001884944795165211, 0.00026737854932434857, 0.0002710716216824949, 0.00020252817193977535, 0.00028200310771353543, 0.00025290169287472963, 0.0003568986721802503, 0.0002313341392436996, 0.00023266366042662412, 0.00029071877361275256, 0.0003069683152716607]; zero point: {zero_point}'
2023-09-26 10:37:09,718 file: hb_model_modifier.py func: hb_model_modifier line No: 386 Node '356_HzDequantize' is removed
2023-09-26 10:37:09,718 file: hb_model_modifier.py func: hb_model_modifier line No: 185 Node '362_HzDequantize' found, its OP type is 'Dequantize'
2023-09-26 10:37:09,718 file: model_utils.py func: model_utils line No: 175 replace output name 362_quantized with 363
2023-09-26 10:37:09,718 file: model_utils.py func: model_utils line No: 175 replace output name Conv_180_x_scale with 363
2023-09-26 10:37:09,718 file: hb_model_modifier.py func: hb_model_modifier line No: 346 scale: Conv_180_x_scale; zero point: 0. node info details are stored in hb_model_modifier log file
2023-09-26 10:37:09,719 file: hb_model_modifier.py func: hb_model_modifier line No: 383 Node 362_HzDequantize info: '362_HzDequantize: scale: [0.0006064227200113237, 0.00046758149983361363, 0.0005347627447918057, 0.0005449145683087409, 0.0005019185482524335, 0.00044130615424364805, 0.00039890731568448246, 0.0004526523407548666, 0.0003484467451926321, 0.0003657645720522851, 0.00023408932611346245, 0.00024468902847729623, 0.0002443904522806406, 0.00023692587274126709, 0.00023110349138733, 0.00029753829585388303, 0.000664049293845892, 0.0006210533319972456, 0.0005571564543060958, 0.0005422272952273488, 0.00047653898946009576, 0.00041980817331932485, 0.00044906933908350766, 0.00041950956801883876, 0.00031619975925423205, 0.000354418414644897, 0.0002488692116457969, 0.00025319866836071014, 0.00024110604135785252, 0.0002178165304940194, 0.00019437774608377367, 0.00020975478400941938, 0.0006765898433513939, 0.0005613366374745965, 0.000637176854070276, 0.0005240137106738985, 0.0004457848845049739, 0.0004992313333787024, 0.0005025157588534057, 0.0002942538703791797, 0.0003708405129145831, 0.00023349215916823596, 0.000281414802884683, 0.00025245221331715584, 0.00020408170530572534, 0.00021468142222147435, 0.00024931709049269557, 0.00032784449285827577, 0.0005493932985700667, 0.0005001270910724998, 0.0006138873286545277, 0.000527895346749574, 0.00047086592530831695, 0.0004233911749906838, 0.00034934250288642943, 0.0003463566827122122, 0.00044817355228587985, 0.00038248527562245727, 0.0003732291515916586, 0.00027081507141701877, 0.0002508100005798042, 0.00030604793573729694, 0.00031590115395374596, 0.00031739409314468503]; zero point: {zero_point}'
2023-09-26 10:37:09,719 file: hb_model_modifier.py func: hb_model_modifier line No: 386 Node '362_HzDequantize' is removed
2023-09-26 10:37:09,719 file: hb_model_modifier.py func: hb_model_modifier line No: 185 Node '368_HzDequantize' found, its OP type is 'Dequantize'
2023-09-26 10:37:09,719 file: model_utils.py func: model_utils line No: 175 replace output name 368_quantized with 369
2023-09-26 10:37:09,719 file: model_utils.py func: model_utils line No: 175 replace output name Conv_186_x_scale with 369
2023-09-26 10:37:09,719 file: hb_model_modifier.py func: hb_model_modifier line No: 346 scale: Conv_186_x_scale; zero point: 0. node info details are stored in hb_model_modifier log file
2023-09-26 10:37:09,720 file: hb_model_modifier.py func: hb_model_modifier line No: 383 Node 368_HzDequantize info: '368_HzDequantize: scale: [0.0005487651214934886, 0.00026562970015220344, 0.00031909815152175725, 0.00028294511139392853, 0.00024355734058190137, 0.0002627755457069725, 0.00027267003315500915, 0.0002226266369689256, 0.00025478380848653615, 0.00024869487970136106, 0.000244889291934669, 0.00029074656777083874, 0.00031719537219032645, 0.0002538324042689055, 0.00028313539223745465, 0.00028275485965423286, 0.00023841978691052645, 0.00025421296595595777, 0.00024603097699582577, 0.00024184482754208148, 0.00028028120868839324, 0.00030749113648198545, 0.00024317677889484912, 0.00024165454669855535, 0.00024945600307546556, 0.000310535600874573, 0.00031567312544211745, 0.00030520776635967195, 0.00025116850156337023, 0.0002696255687624216, 0.0002719089388847351, 0.0003227134875487536, 0.00031034532003104687, 0.00032062039826996624, 0.00023309196694754064, 0.00031586343538947403, 0.00026943531702272594, 0.00031091616256162524, 0.00028522845241241157, 0.00028808266506530344, 0.0003392677754163742, 0.000264297763351351, 0.0002724797814153135, 0.00027343115652911365, 0.0003236648626625538, 0.0003122481284663081, 0.00033393994090147316, 0.0003219523641746491, 0.0002570671495050192, 0.0003162439970765263, 0.00027000613044947386, 0.00032404542434960604, 0.0002420351083856076, 0.0002490754413884133, 0.00024108368961606175, 0.0002538324042689055, 0.00038797923480160534, 0.00029264934710226953, 0.0002677227894309908, 0.0002650588867254555, 0.0002928396570496261, 0.00023975175281520933, 0.0002709575346671045, 0.00028028120868839324, 0.00033393994090147316, 0.00024222538922913373, 0.00022110440477263182, 0.00025116850156337023, 0.000204169555217959, 0.00024279621720779687, 0.00026220467407256365, 0.000300831365166232, 0.00020759458129759878, 0.00027057697298005223, 0.00023994201910682023, 0.0002159668511012569, 0.0002500268165022135, 0.0002490754413884133, 0.00023841978691052645, 0.000244889291934669]; zero point: {zero_point}'
2023-09-26 10:37:09,720 file: hb_model_modifier.py func: hb_model_modifier line No: 386 Node '368_HzDequantize' is removed
2023-09-26 10:37:09,720 file: hb_model_modifier.py func: hb_model_modifier line No: 185 Node '374_HzDequantize' found, its OP type is 'Dequantize'
2023-09-26 10:37:09,720 file: model_utils.py func: model_utils line No: 175 replace output name 374_quantized with 375
2023-09-26 10:37:09,720 file: model_utils.py func: model_utils line No: 175 replace output name Conv_192_x_scale with 375
2023-09-26 10:37:09,720 file: hb_model_modifier.py func: hb_model_modifier line No: 346 scale: Conv_192_x_scale; zero point: 0. node info details are stored in hb_model_modifier log file
2023-09-26 10:37:09,720 file: hb_model_modifier.py func: hb_model_modifier line No: 383 Node 374_HzDequantize info: '374_HzDequantize: scale: [0.0005981131107546389, 0.0006277390057221055, 0.000714312307536602, 0.0005286569357849658, 0.0005368863348849118, 0.0004618341918103397, 0.00043154999730177224, 0.0004578840744215995, 0.0004980435478501022, 0.0004025824600830674, 0.0003973156271968037, 0.00044274196261540055, 0.00024869260960258543, 0.0003535352007020265, 0.00035748531809076667, 0.00030959019204601645, 0.0006165470113046467, 0.0005885669961571693, 0.0005523576401174068, 0.000554003519937396, 0.0005928463069722056, 0.0005553202354349196, 0.0004559090011753142, 0.0005095647065900266, 0.000538532214704901, 0.0005069313338026404, 0.00037657757638953626, 0.00037427330971695483, 0.0002862186811398715, 0.00023766521189827472, 0.0001587452134117484, 7.459955668309703e-05, 0.0006919283769093454, 0.0006939033628441393, 0.0006458436837419868, 0.0005595995462499559, 0.0005365571705624461, 0.0005299736512824893, 0.00048487650929018855, 0.0003894154215231538, 0.0005530160269699991, 0.00039435309008695185, 0.00048718074685893953, 0.00040126574458554387, 0.0004279290442354977, 0.00030712137231603265, 0.00046380923595279455, 0.00038118602242320776, 0.0006198387709446251, 0.0006290556630119681, 0.0006339933606795967, 0.0005615745903924108, 0.0005029811873100698, 0.0004539339570328593, 0.00048158474965021014, 0.00044241276918910444, 0.0004980435478501022, 0.0003538643941283226, 0.0005151607329025865, 0.0003597895847633481, 0.0004144327831454575, 0.0003206176043022424, 0.00019585982954595238, 0.0001789072557585314]; zero point: {zero_point}'
2023-09-26 10:37:09,720 file: hb_model_modifier.py func: hb_model_modifier line No: 386 Node '374_HzDequantize' is removed
2023-09-26 10:37:09,721 file: hb_model_modifier.py func: hb_model_modifier line No: 185 Node '380_HzDequantize' found, its OP type is 'Dequantize'
2023-09-26 10:37:09,721 file: model_utils.py func: model_utils line No: 175 replace output name 380_quantized with 381
2023-09-26 10:37:09,721 file: model_utils.py func: model_utils line No: 175 replace output name Conv_198_x_scale with 381
2023-09-26 10:37:09,721 file: hb_model_modifier.py func: hb_model_modifier line No: 346 scale: Conv_198_x_scale; zero point: 0. node info details are stored in hb_model_modifier log file
2023-09-26 10:37:09,721 file: hb_model_modifier.py func: hb_model_modifier line No: 383 Node 380_HzDequantize info: '380_HzDequantize: scale: [0.0005735837621614337, 0.00021795477368868887, 0.0002447149599902332, 0.0002473557833582163, 0.00023556016094516963, 0.00026601747958920896, 0.00026936252834275365, 0.00024577128351666033, 0.00023996151867322624, 0.000206511263968423, 0.00024418681277893484, 0.00024770788149908185, 0.00027077095001004636, 0.0002281659108120948, 0.0002404896804364398, 0.0002795736654661596, 0.0002471797342877835, 0.00023872913152445108, 0.0002135534305125475, 0.00021848293545190245, 0.00025404582265764475, 0.00022975039610173553, 0.00024066574405878782, 0.00025668664602562785, 0.0002260532637592405, 0.0002746441459748894, 0.0002445389109198004, 0.00027059493004344404, 0.00020791970018763095, 0.0002683062048163265, 0.00019172274915035814, 0.0002197153226006776, 0.00024348260194528848, 0.000248764205025509, 0.00025598242064006627, 0.0002218279696535319, 0.0002857355575542897, 0.00023098276869859546, 0.00021619423932861537, 0.00020809576380997896, 0.00031372811645269394, 0.0002549261262174696, 0.0002793976163957268, 0.0002619682636577636, 0.00024242627841886133, 0.00035439658677205443, 0.00023538412642665207, 0.0002346799010410905, 0.000203166258870624, 0.00023327147937379777, 0.00019929304835386574, 0.0002528134791646153, 0.00021566606301348656, 0.00026865830295719206, 0.00022887012164574116, 0.00022746168542653322, 0.00025475004804320633, 0.00024982052855193615, 0.00020809576380997896, 0.0003286927239969373, 0.0004883736255578697, 0.00022710958728566766, 0.00020756758749485016, 0.00024577128351666033, 0.0002690104302018881, 0.00031496051815338433, 0.00024841210688464344, 0.00025739087141118944, 0.000254221900831908, 0.00024383471463806927, 0.0001943635434145108, 0.0002475318615324795, 0.00023115883232094347, 0.0002866158029064536, 0.00020158175902906805, 0.00019929304835386574, 0.00020756758749485016, 0.00027763706748373806, 0.00020193387172184885, 0.00024559523444622755]; zero point: {zero_point}'
2023-09-26 10:37:09,721 file: hb_model_modifier.py func: hb_model_modifier line No: 386 Node '380_HzDequantize' is removed
2023-09-26 10:37:09,741 file: hb_model_modifier.py func: hb_model_modifier line No: 129 modified model saved as yolov8s_640x640_nv12.bin
